Using pre-set license
Built from '2020.2/release' branch; Version is '2020.2.1f1 (270dd8c3da1c) revision 2559448'; Using compiler version '192528614'; Build Type 'Release'
OS: 'Windows 10  (10.0.0) 64bit' Language: 'ru' Physical Memory: 8070 MB
BatchMode: 1, IsHumanControllingUs: 0, StartBugReporterOnCrash: 0, Is64bit: 1, IsPro: 0

 COMMAND LINE ARGUMENTS:
C:\Program Files\Unity\Hub\Editor\2020.2.0b2\Editor\2020.2.1f1\Editor\Unity.exe
-adb2
-batchMode
-noUpm
-name
AssetImportWorker0
-projectPath
C:/Users/gloom/Notification4
-logFile
Logs/AssetImportWorker0.log
-srvPort
56271
Successfully changed project path to: C:/Users/gloom/Notification4
C:/Users/gloom/Notification4
Using Asset Import Pipeline V2.
Refreshing native plugins compatible for Editor in 72.66 ms, found 1 plugins.
Preloading 0 native plugins for Editor in 0.00 ms.
Initialize engine version: 2020.2.1f1 (270dd8c3da1c)
[Subsystems] Discovering subsystems at path C:/Program Files/Unity/Hub/Editor/2020.2.0b2/Editor/2020.2.1f1/Editor/Data/Resources/UnitySubsystems
[Subsystems] Discovering subsystems at path C:/Users/gloom/Notification4/Assets
GfxDevice: creating device client; threaded=0
Direct3D:
    Version:  Direct3D 11.0 [level 11.0]
    Renderer: Intel(R) HD Graphics 4000 (ID=0x162)
    Vendor:   
    VRAM:     128 MB
    Driver:   10.18.10.4252
Initialize mono
Mono path[0] = 'C:/Program Files/Unity/Hub/Editor/2020.2.0b2/Editor/2020.2.1f1/Editor/Data/Managed'
Mono path[1] = 'C:/Program Files/Unity/Hub/Editor/2020.2.0b2/Editor/2020.2.1f1/Editor/Data/MonoBleedingEdge/lib/mono/unityjit'
Mono config path = 'C:/Program Files/Unity/Hub/Editor/2020.2.0b2/Editor/2020.2.1f1/Editor/Data/MonoBleedingEdge/etc'
Using monoOptions --debugger-agent=transport=dt_socket,embedding=1,server=y,suspend=n,address=127.0.0.1:56168
Begin MonoManager ReloadAssembly
Registering precompiled unity dll's ...
Register platform support module: C:/Program Files/Unity/Hub/Editor/2020.2.0b2/Editor/2020.2.1f1/Editor/Data/PlaybackEngines/WindowsStandaloneSupport/UnityEditor.WindowsStandalone.Extensions.dll
Registered in 0.007059 seconds.
Native extension for WindowsStandalone target not found
Refreshing native plugins compatible for Editor in 55.55 ms, found 1 plugins.
Preloading 0 native plugins for Editor in 0.00 ms.
Invoked RoslynAnalysisRunner static constructor.
RoslynAnalysisRunner will not be running.
RoslynAnalysisRunner has terminated.
Mono: successfully reloaded assembly
- Completed reload, in  3.055 seconds
Platform modules already initialized, skipping
Registering precompiled user dll's ...
Registered in 0.002454 seconds.
Begin MonoManager ReloadAssembly
Native extension for WindowsStandalone target not found
Refreshing native plugins compatible for Editor in 54.09 ms, found 1 plugins.
Preloading 0 native plugins for Editor in 0.00 ms.
Invoked RoslynAnalysisRunner static constructor.
RoslynAnalysisRunner will not be running.
RoslynAnalysisRunner has terminated.
Mono: successfully reloaded assembly
- Completed reload, in  1.360 seconds
Platform modules already initialized, skipping
========================================================================
Worker process is ready to serve import requests
Launched and connected shader compiler UnityShaderCompiler.exe after 0.08 seconds
Refreshing native plugins compatible for Editor in 0.65 ms, found 1 plugins.
Preloading 0 native plugins for Editor in 0.00 ms.
Unloading 1871 Unused Serialized files (Serialized files now loaded: 0)
System memory in use before: 87.5 MB.
System memory in use after: 87.4 MB.

Unloading 41 unused Assets to reduce memory usage. Loaded Objects now: 2293.
Total: 2.359200 ms (FindLiveObjects: 0.214400 ms CreateObjectMapping: 0.083600 ms MarkObjects: 1.870700 ms  DeleteObjects: 0.189300 ms)

========================================================================
Received Import Request.
  path: Assets/materials/Joker/Joker.controller
  artifactKey: Guid(c04a03a16a5597e41b60258be0878ed1) Importer(815301076,1909f56bfc062723c751e8b465ee728b)
Start importing Assets/materials/Joker/Joker.controller using Guid(c04a03a16a5597e41b60258be0878ed1) Importer(815301076,1909f56bfc062723c751e8b465ee728b)  -> (artifact id: '006cf2d4eb07ddc5d5cba6c5adedd897') in 0.057022 seconds
  Import took 0.060903 seconds .

========================================================================
Received Import Request.
  Time since last request: 163.931336 seconds.
  path: Assets/materials/Joker/side.anim
  artifactKey: Guid(8a5d45d72b26a5544a47286e85db77b7) Importer(815301076,1909f56bfc062723c751e8b465ee728b)
Start importing Assets/materials/Joker/side.anim using Guid(8a5d45d72b26a5544a47286e85db77b7) Importer(815301076,1909f56bfc062723c751e8b465ee728b)  -> (artifact id: '3cda88d46c0c96844586d94fce69c6d0') in 0.012286 seconds
  Import took 0.017265 seconds .

========================================================================
Received Import Request.
  Time since last request: 0.009004 seconds.
  path: Assets/materials/Joker/side.anim
  artifactKey: Guid(8a5d45d72b26a5544a47286e85db77b7) Importer(815301076,1909f56bfc062723c751e8b465ee728b)
Start importing Assets/materials/Joker/side.anim using Guid(8a5d45d72b26a5544a47286e85db77b7) Importer(815301076,1909f56bfc062723c751e8b465ee728b)  -> (artifact id: '3cda88d46c0c96844586d94fce69c6d0') in 0.007600 seconds
  Import took 0.012102 seconds .

========================================================================
Received Prepare
Registering precompiled user dll's ...
Registered in 0.002294 seconds.
Begin MonoManager ReloadAssembly
Native extension for WindowsStandalone target not found
Refreshing native plugins compatible for Editor in 0.64 ms, found 1 plugins.
Preloading 0 native plugins for Editor in 0.00 ms.
Invoked RoslynAnalysisRunner static constructor.
RoslynAnalysisRunner will not be running.
RoslynAnalysisRunner has terminated.
Mono: successfully reloaded assembly
- Completed reload, in  1.322 seconds
Platform modules already initialized, skipping
Refreshing native plugins compatible for Editor in 0.64 ms, found 1 plugins.
Preloading 0 native plugins for Editor in 0.00 ms.
Unloading 1857 Unused Serialized files (Serialized files now loaded: 0)
System memory in use before: 86.6 MB.
System memory in use after: 86.5 MB.

Unloading 29 unused Assets to reduce memory usage. Loaded Objects now: 2296.
Total: 2.401600 ms (FindLiveObjects: 0.214200 ms CreateObjectMapping: 0.069800 ms MarkObjects: 1.943600 ms  DeleteObjects: 0.172200 ms)

========================================================================
Received Prepare
Registering precompiled user dll's ...
Registered in 0.002075 seconds.
Begin MonoManager ReloadAssembly
Native extension for WindowsStandalone target not found
Refreshing native plugins compatible for Editor in 0.68 ms, found 1 plugins.
Preloading 0 native plugins for Editor in 0.00 ms.
Invoked RoslynAnalysisRunner static constructor.
RoslynAnalysisRunner will not be running.
RoslynAnalysisRunner has terminated.
Mono: successfully reloaded assembly
- Completed reload, in  1.304 seconds
Platform modules already initialized, skipping
Refreshing native plugins compatible for Editor in 0.76 ms, found 1 plugins.
Preloading 0 native plugins for Editor in 0.00 ms.
Unloading 1858 Unused Serialized files (Serialized files now loaded: 0)
System memory in use before: 86.7 MB.
System memory in use after: 86.6 MB.

Unloading 29 unused Assets to reduce memory usage. Loaded Objects now: 2299.
Total: 2.435300 ms (FindLiveObjects: 0.208400 ms CreateObjectMapping: 0.071800 ms MarkObjects: 1.978500 ms  DeleteObjects: 0.175300 ms)

========================================================================
Received Prepare
Registering precompiled user dll's ...
Registered in 0.002176 seconds.
Begin MonoManager ReloadAssembly
Native extension for WindowsStandalone target not found
Refreshing native plugins compatible for Editor in 0.63 ms, found 1 plugins.
Preloading 0 native plugins for Editor in 0.00 ms.
Invoked RoslynAnalysisRunner static constructor.
RoslynAnalysisRunner will not be running.
RoslynAnalysisRunner has terminated.
Mono: successfully reloaded assembly
- Completed reload, in  1.337 seconds
Platform modules already initialized, skipping
Refreshing native plugins compatible for Editor in 0.71 ms, found 1 plugins.
Preloading 0 native plugins for Editor in 0.00 ms.
Unloading 1858 Unused Serialized files (Serialized files now loaded: 0)
System memory in use before: 86.8 MB.
System memory in use after: 86.7 MB.

Unloading 29 unused Assets to reduce memory usage. Loaded Objects now: 2302.
Total: 2.395500 ms (FindLiveObjects: 0.201400 ms CreateObjectMapping: 0.068600 ms MarkObjects: 1.938200 ms  DeleteObjects: 0.185700 ms)

========================================================================
Received Prepare
Registering precompiled user dll's ...
Registered in 0.002303 seconds.
Begin MonoManager ReloadAssembly
Native extension for WindowsStandalone target not found
Refreshing native plugins compatible for Editor in 0.63 ms, found 1 plugins.
Preloading 0 native plugins for Editor in 0.00 ms.
Invoked RoslynAnalysisRunner static constructor.
RoslynAnalysisRunner will not be running.
RoslynAnalysisRunner has terminated.
Mono: successfully reloaded assembly
- Completed reload, in  1.444 seconds
Platform modules already initialized, skipping
Refreshing native plugins compatible for Editor in 0.67 ms, found 1 plugins.
Preloading 0 native plugins for Editor in 0.00 ms.
Unloading 1858 Unused Serialized files (Serialized files now loaded: 0)
System memory in use before: 86.9 MB.
System memory in use after: 86.8 MB.

Unloading 29 unused Assets to reduce memory usage. Loaded Objects now: 2305.
Total: 2.442600 ms (FindLiveObjects: 0.251800 ms CreateObjectMapping: 0.073200 ms MarkObjects: 1.935700 ms  DeleteObjects: 0.179600 ms)

========================================================================
Received Prepare
Registering precompiled user dll's ...
Registered in 0.002219 seconds.
Begin MonoManager ReloadAssembly
Native extension for WindowsStandalone target not found
Refreshing native plugins compatible for Editor in 0.61 ms, found 1 plugins.
Preloading 0 native plugins for Editor in 0.00 ms.
Invoked RoslynAnalysisRunner static constructor.
RoslynAnalysisRunner will not be running.
RoslynAnalysisRunner has terminated.
Mono: successfully reloaded assembly
- Completed reload, in  1.536 seconds
Platform modules already initialized, skipping
Refreshing native plugins compatible for Editor in 0.68 ms, found 1 plugins.
Preloading 0 native plugins for Editor in 0.00 ms.
Unloading 1858 Unused Serialized files (Serialized files now loaded: 0)
System memory in use before: 86.9 MB.
System memory in use after: 86.9 MB.

Unloading 29 unused Assets to reduce memory usage. Loaded Objects now: 2308.
Total: 2.503100 ms (FindLiveObjects: 0.205400 ms CreateObjectMapping: 0.067900 ms MarkObjects: 2.041900 ms  DeleteObjects: 0.186200 ms)

========================================================================
Received Prepare
Registering precompiled user dll's ...
Registered in 0.002308 seconds.
Begin MonoManager ReloadAssembly
Native extension for WindowsStandalone target not found
Refreshing native plugins compatible for Editor in 0.64 ms, found 1 plugins.
Preloading 0 native plugins for Editor in 0.00 ms.
Invoked RoslynAnalysisRunner static constructor.
RoslynAnalysisRunner will not be running.
RoslynAnalysisRunner has terminated.
Mono: successfully reloaded assembly
- Completed reload, in  1.394 seconds
Platform modules already initialized, skipping
Refreshing native plugins compatible for Editor in 0.68 ms, found 1 plugins.
Preloading 0 native plugins for Editor in 0.00 ms.
Unloading 1858 Unused Serialized files (Serialized files now loaded: 0)
System memory in use before: 87.0 MB.
System memory in use after: 86.9 MB.

Unloading 29 unused Assets to reduce memory usage. Loaded Objects now: 2311.
Total: 2.278900 ms (FindLiveObjects: 0.216400 ms CreateObjectMapping: 0.070200 ms MarkObjects: 1.814300 ms  DeleteObjects: 0.176500 ms)

========================================================================
Received Prepare
Registering precompiled user dll's ...
Registered in 0.002311 seconds.
Begin MonoManager ReloadAssembly
Native extension for WindowsStandalone target not found
Refreshing native plugins compatible for Editor in 0.64 ms, found 1 plugins.
Preloading 0 native plugins for Editor in 0.00 ms.
Invoked RoslynAnalysisRunner static constructor.
RoslynAnalysisRunner will not be running.
RoslynAnalysisRunner has terminated.
Mono: successfully reloaded assembly
- Completed reload, in  1.431 seconds
Platform modules already initialized, skipping
Refreshing native plugins compatible for Editor in 0.64 ms, found 1 plugins.
Preloading 0 native plugins for Editor in 0.00 ms.
Unloading 1858 Unused Serialized files (Serialized files now loaded: 0)
System memory in use before: 87.1 MB.
System memory in use after: 87.0 MB.

Unloading 29 unused Assets to reduce memory usage. Loaded Objects now: 2314.
Total: 2.367400 ms (FindLiveObjects: 0.190500 ms CreateObjectMapping: 0.066600 ms MarkObjects: 1.922600 ms  DeleteObjects: 0.186400 ms)

========================================================================
Received Import Request.
  Time since last request: 4156.558101 seconds.
  path: Assets/materials/Joker/Joker.controller
  artifactKey: Guid(c04a03a16a5597e41b60258be0878ed1) Importer(815301076,1909f56bfc062723c751e8b465ee728b)
Start importing Assets/materials/Joker/Joker.controller using Guid(c04a03a16a5597e41b60258be0878ed1) Importer(815301076,1909f56bfc062723c751e8b465ee728b)  -> (artifact id: '0bdc41d57b9e2fae3eae50c17983955f') in 0.026281 seconds
  Import took 0.031020 seconds .

========================================================================
Received Import Request.
  Time since last request: 312.256893 seconds.
  path: Assets/Script/Button.cs
  artifactKey: Guid(ca114ed31075d18469e1aede385e14fd) Importer(815301076,1909f56bfc062723c751e8b465ee728b)
Start importing Assets/Script/Button.cs using Guid(ca114ed31075d18469e1aede385e14fd) Importer(815301076,1909f56bfc062723c751e8b465ee728b)  -> (artifact id: '3b8abbd96f7b0931a92f9701bcd9a74c') in 0.019320 seconds
  Import took 0.027532 seconds .

========================================================================
Received Prepare
Registering precompiled user dll's ...
Registered in 0.002249 seconds.
Begin MonoManager ReloadAssembly
Native extension for WindowsStandalone target not found
Refreshing native plugins compatible for Editor in 0.63 ms, found 1 plugins.
Preloading 0 native plugins for Editor in 0.00 ms.
Invoked RoslynAnalysisRunner static constructor.
RoslynAnalysisRunner will not be running.
RoslynAnalysisRunner has terminated.
Mono: successfully reloaded assembly
- Completed reload, in  1.483 seconds
Platform modules already initialized, skipping
Refreshing native plugins compatible for Editor in 0.66 ms, found 1 plugins.
Preloading 0 native plugins for Editor in 0.00 ms.
Unloading 1858 Unused Serialized files (Serialized files now loaded: 0)
System memory in use before: 87.2 MB.
System memory in use after: 87.1 MB.

Unloading 29 unused Assets to reduce memory usage. Loaded Objects now: 2317.
Total: 2.391700 ms (FindLiveObjects: 0.198500 ms CreateObjectMapping: 0.066900 ms MarkObjects: 1.927000 ms  DeleteObjects: 0.198200 ms)

========================================================================
Received Import Request.
  Time since last request: 37.553458 seconds.
  path: Assets/Script/Escape.cs
  artifactKey: Guid(2af482f48bb5c464c9077ba0d94d818a) Importer(815301076,1909f56bfc062723c751e8b465ee728b)
Start importing Assets/Script/Escape.cs using Guid(2af482f48bb5c464c9077ba0d94d818a) Importer(815301076,1909f56bfc062723c751e8b465ee728b)  -> (artifact id: '52f819d64fb2af9146b4272b318fd3c5') in 0.016563 seconds
  Import took 0.022736 seconds .

========================================================================
Received Prepare
Registering precompiled user dll's ...
Registered in 0.002257 seconds.
Begin MonoManager ReloadAssembly
Native extension for WindowsStandalone target not found
Refreshing native plugins compatible for Editor in 0.69 ms, found 1 plugins.
Preloading 0 native plugins for Editor in 0.00 ms.
Invoked RoslynAnalysisRunner static constructor.
RoslynAnalysisRunner will not be running.
RoslynAnalysisRunner has terminated.
Mono: successfully reloaded assembly
- Completed reload, in  1.627 seconds
Platform modules already initialized, skipping
Refreshing native plugins compatible for Editor in 0.71 ms, found 1 plugins.
Preloading 0 native plugins for Editor in 0.00 ms.
Unloading 1859 Unused Serialized files (Serialized files now loaded: 0)
System memory in use before: 87.3 MB.
System memory in use after: 87.2 MB.

Unloading 29 unused Assets to reduce memory usage. Loaded Objects now: 2321.
Total: 2.568100 ms (FindLiveObjects: 0.218400 ms CreateObjectMapping: 0.071800 ms MarkObjects: 2.087700 ms  DeleteObjects: 0.188700 ms)

========================================================================
Received Prepare
Registering precompiled user dll's ...
Registered in 0.003574 seconds.
Begin MonoManager ReloadAssembly
Native extension for WindowsStandalone target not found
Refreshing native plugins compatible for Editor in 0.68 ms, found 1 plugins.
Preloading 0 native plugins for Editor in 0.00 ms.
Invoked RoslynAnalysisRunner static constructor.
RoslynAnalysisRunner will not be running.
RoslynAnalysisRunner has terminated.
Mono: successfully reloaded assembly
- Completed reload, in  1.729 seconds
Platform modules already initialized, skipping
Refreshing native plugins compatible for Editor in 0.68 ms, found 1 plugins.
Preloading 0 native plugins for Editor in 0.00 ms.
Unloading 1859 Unused Serialized files (Serialized files now loaded: 0)
System memory in use before: 87.4 MB.
System memory in use after: 87.3 MB.

Unloading 29 unused Assets to reduce memory usage. Loaded Objects now: 2324.
Total: 3.156800 ms (FindLiveObjects: 0.239100 ms CreateObjectMapping: 0.077100 ms MarkObjects: 2.624600 ms  DeleteObjects: 0.213900 ms)

========================================================================
Received Import Request.
  Time since last request: 112.911444 seconds.
  path: Assets/Script/Escape.cs
  artifactKey: Guid(2af482f48bb5c464c9077ba0d94d818a) Importer(815301076,1909f56bfc062723c751e8b465ee728b)
Start importing Assets/Script/Escape.cs using Guid(2af482f48bb5c464c9077ba0d94d818a) Importer(815301076,1909f56bfc062723c751e8b465ee728b)  -> (artifact id: 'ffabef0202974b5512885b9f96e24cf7') in 0.010958 seconds
  Import took 0.015213 seconds .

========================================================================
Received Prepare
Registering precompiled user dll's ...
Registered in 0.002280 seconds.
Begin MonoManager ReloadAssembly
Native extension for WindowsStandalone target not found
Refreshing native plugins compatible for Editor in 1.31 ms, found 1 plugins.
Preloading 0 native plugins for Editor in 0.00 ms.
Invoked RoslynAnalysisRunner static constructor.
RoslynAnalysisRunner will not be running.
RoslynAnalysisRunner has terminated.
Mono: successfully reloaded assembly
- Completed reload, in  1.710 seconds
Platform modules already initialized, skipping
Refreshing native plugins compatible for Editor in 0.75 ms, found 1 plugins.
Preloading 0 native plugins for Editor in 0.00 ms.
Unloading 1859 Unused Serialized files (Serialized files now loaded: 0)
System memory in use before: 87.4 MB.
System memory in use after: 87.4 MB.

Unloading 29 unused Assets to reduce memory usage. Loaded Objects now: 2327.
Total: 2.592000 ms (FindLiveObjects: 0.268600 ms CreateObjectMapping: 0.072100 ms MarkObjects: 2.058000 ms  DeleteObjects: 0.190700 ms)

========================================================================
Received Prepare
Registering precompiled user dll's ...
Registered in 0.003437 seconds.
Begin MonoManager ReloadAssembly
Native extension for WindowsStandalone target not found
Refreshing native plugins compatible for Editor in 0.71 ms, found 1 plugins.
Preloading 0 native plugins for Editor in 0.00 ms.
Invoked RoslynAnalysisRunner static constructor.
RoslynAnalysisRunner will not be running.
RoslynAnalysisRunner has terminated.
Mono: successfully reloaded assembly
- Completed reload, in  1.742 seconds
Platform modules already initialized, skipping
Refreshing native plugins compatible for Editor in 0.78 ms, found 1 plugins.
Preloading 0 native plugins for Editor in 0.00 ms.
Unloading 1859 Unused Serialized files (Serialized files now loaded: 0)
System memory in use before: 87.6 MB.
System memory in use after: 87.6 MB.

Unloading 29 unused Assets to reduce memory usage. Loaded Objects now: 2330.
Total: 2.274900 ms (FindLiveObjects: 0.212800 ms CreateObjectMapping: 0.069400 ms MarkObjects: 1.802500 ms  DeleteObjects: 0.188300 ms)

========================================================================
Received Prepare
Refreshing native plugins compatible for Editor in 15.06 ms, found 1 plugins.
Preloading 0 native plugins for Editor in 0.00 ms.
Unloading 30 Unused Serialized files (Serialized files now loaded: 0)
System memory in use before: 51.7 MB.
System memory in use after: 51.6 MB.

Unloading 27 unused Assets to reduce memory usage. Loaded Objects now: 2330.
Total: 2.261700 ms (FindLiveObjects: 0.212300 ms CreateObjectMapping: 0.068400 ms MarkObjects: 1.786600 ms  DeleteObjects: 0.192500 ms)

========================================================================
Received Prepare
Registering precompiled user dll's ...
Registered in 0.002333 seconds.
Begin MonoManager ReloadAssembly
Native extension for WindowsStandalone target not found
Refreshing native plugins compatible for Editor in 1.68 ms, found 1 plugins.
Preloading 0 native plugins for Editor in 0.00 ms.
Invoked RoslynAnalysisRunner static constructor.
RoslynAnalysisRunner will not be running.
RoslynAnalysisRunner has terminated.
Mono: successfully reloaded assembly
- Completed reload, in  1.738 seconds
Platform modules already initialized, skipping
Refreshing native plugins compatible for Editor in 0.70 ms, found 1 plugins.
Preloading 0 native plugins for Editor in 0.00 ms.
Unloading 1858 Unused Serialized files (Serialized files now loaded: 0)
System memory in use before: 87.9 MB.
System memory in use after: 87.8 MB.

Unloading 29 unused Assets to reduce memory usage. Loaded Objects now: 2333.
Total: 2.317200 ms (FindLiveObjects: 0.220600 ms CreateObjectMapping: 0.067200 ms MarkObjects: 1.837600 ms  DeleteObjects: 0.190600 ms)

========================================================================
Received Prepare
Refreshing native plugins compatible for Editor in 52.10 ms, found 1 plugins.
Preloading 0 native plugins for Editor in 0.00 ms.
Unloading 30 Unused Serialized files (Serialized files now loaded: 0)
System memory in use before: 52.0 MB.
System memory in use after: 52.0 MB.

Unloading 27 unused Assets to reduce memory usage. Loaded Objects now: 2333.
Total: 4.143600 ms (FindLiveObjects: 0.854800 ms CreateObjectMapping: 0.155600 ms MarkObjects: 2.905200 ms  DeleteObjects: 0.225100 ms)

========================================================================
Received Import Request.
  Time since last request: 1029.600756 seconds.
  path: Assets/Script/SportButton.cs
  artifactKey: Guid(09e395e28a3e55942be3c67ba8dc65f1) Importer(815301076,1909f56bfc062723c751e8b465ee728b)
Start importing Assets/Script/SportButton.cs using Guid(09e395e28a3e55942be3c67ba8dc65f1) Importer(815301076,1909f56bfc062723c751e8b465ee728b)  -> (artifact id: '851be2b40328f1674d55967b0ff65e6c') in 0.017812 seconds
  Import took 0.028079 seconds .

========================================================================
Received Prepare
Registering precompiled user dll's ...
Registered in 0.003346 seconds.
Begin MonoManager ReloadAssembly
Native extension for WindowsStandalone target not found
Refreshing native plugins compatible for Editor in 0.86 ms, found 1 plugins.
Preloading 0 native plugins for Editor in 0.00 ms.
Invoked RoslynAnalysisRunner static constructor.
RoslynAnalysisRunner will not be running.
RoslynAnalysisRunner has terminated.
Mono: successfully reloaded assembly
- Completed reload, in  1.633 seconds
Platform modules already initialized, skipping
Refreshing native plugins compatible for Editor in 0.66 ms, found 1 plugins.
Preloading 0 native plugins for Editor in 0.00 ms.
Unloading 1859 Unused Serialized files (Serialized files now loaded: 0)
System memory in use before: 88.1 MB.
System memory in use after: 88.0 MB.

Unloading 29 unused Assets to reduce memory usage. Loaded Objects now: 2337.
Total: 2.420000 ms (FindLiveObjects: 0.213200 ms CreateObjectMapping: 0.066800 ms MarkObjects: 1.947600 ms  DeleteObjects: 0.191000 ms)

========================================================================
Received Import Request.
  Time since last request: 13.142336 seconds.
  path: Assets/Script/Escape.cs
  artifactKey: Guid(2af482f48bb5c464c9077ba0d94d818a) Importer(815301076,1909f56bfc062723c751e8b465ee728b)
Start importing Assets/Script/Escape.cs using Guid(2af482f48bb5c464c9077ba0d94d818a) Importer(815301076,1909f56bfc062723c751e8b465ee728b)  -> (artifact id: '16b170651d399efdd068d91cc2823d7c') in 0.012860 seconds
  Import took 0.018178 seconds .

========================================================================
Received Prepare
Registering precompiled user dll's ...
Registered in 0.002244 seconds.
Begin MonoManager ReloadAssembly
Native extension for WindowsStandalone target not found
Refreshing native plugins compatible for Editor in 0.71 ms, found 1 plugins.
Preloading 0 native plugins for Editor in 0.00 ms.
Invoked RoslynAnalysisRunner static constructor.
RoslynAnalysisRunner will not be running.
RoslynAnalysisRunner has terminated.
Mono: successfully reloaded assembly
- Completed reload, in  1.810 seconds
Platform modules already initialized, skipping
Refreshing native plugins compatible for Editor in 0.66 ms, found 1 plugins.
Preloading 0 native plugins for Editor in 0.00 ms.
Unloading 1859 Unused Serialized files (Serialized files now loaded: 0)
System memory in use before: 88.2 MB.
System memory in use after: 88.1 MB.

Unloading 30 unused Assets to reduce memory usage. Loaded Objects now: 2339.
Total: 2.417400 ms (FindLiveObjects: 0.220600 ms CreateObjectMapping: 0.103600 ms MarkObjects: 1.866300 ms  DeleteObjects: 0.224800 ms)

========================================================================
Received Prepare
Registering precompiled user dll's ...
Registered in 0.002338 seconds.
Begin MonoManager ReloadAssembly
Native extension for WindowsStandalone target not found
Refreshing native plugins compatible for Editor in 0.64 ms, found 1 plugins.
Preloading 0 native plugins for Editor in 0.00 ms.
Invoked RoslynAnalysisRunner static constructor.
RoslynAnalysisRunner will not be running.
RoslynAnalysisRunner has terminated.
Mono: successfully reloaded assembly
- Completed reload, in  1.720 seconds
Platform modules already initialized, skipping
Refreshing native plugins compatible for Editor in 0.66 ms, found 1 plugins.
Preloading 0 native plugins for Editor in 0.00 ms.
Unloading 1859 Unused Serialized files (Serialized files now loaded: 0)
System memory in use before: 88.2 MB.
System memory in use after: 88.2 MB.

Unloading 29 unused Assets to reduce memory usage. Loaded Objects now: 2342.
Total: 2.508000 ms (FindLiveObjects: 0.215500 ms CreateObjectMapping: 0.067300 ms MarkObjects: 2.043000 ms  DeleteObjects: 0.181100 ms)

========================================================================
Received Prepare
Registering precompiled user dll's ...
Registered in 0.002396 seconds.
Begin MonoManager ReloadAssembly
Native extension for WindowsStandalone target not found
Refreshing native plugins compatible for Editor in 0.63 ms, found 1 plugins.
Preloading 0 native plugins for Editor in 0.00 ms.
Invoked RoslynAnalysisRunner static constructor.
RoslynAnalysisRunner will not be running.
RoslynAnalysisRunner has terminated.
Mono: successfully reloaded assembly
- Completed reload, in  1.737 seconds
Platform modules already initialized, skipping
Refreshing native plugins compatible for Editor in 1.66 ms, found 1 plugins.
Preloading 0 native plugins for Editor in 0.00 ms.
Unloading 1859 Unused Serialized files (Serialized files now loaded: 0)
System memory in use before: 88.3 MB.
System memory in use after: 88.2 MB.

Unloading 29 unused Assets to reduce memory usage. Loaded Objects now: 2345.
Total: 3.208800 ms (FindLiveObjects: 0.284900 ms CreateObjectMapping: 0.090000 ms MarkObjects: 2.625300 ms  DeleteObjects: 0.206200 ms)

========================================================================
Received Prepare
Registering precompiled user dll's ...
Registered in 0.002596 seconds.
Begin MonoManager ReloadAssembly
Native extension for WindowsStandalone target not found
Refreshing native plugins compatible for Editor in 0.63 ms, found 1 plugins.
Preloading 0 native plugins for Editor in 0.00 ms.
Invoked RoslynAnalysisRunner static constructor.
RoslynAnalysisRunner will not be running.
RoslynAnalysisRunner has terminated.
Mono: successfully reloaded assembly
- Completed reload, in  1.783 seconds
Platform modules already initialized, skipping
Refreshing native plugins compatible for Editor in 0.94 ms, found 1 plugins.
Preloading 0 native plugins for Editor in 0.00 ms.
Unloading 1859 Unused Serialized files (Serialized files now loaded: 0)
System memory in use before: 88.4 MB.
System memory in use after: 88.3 MB.

Unloading 29 unused Assets to reduce memory usage. Loaded Objects now: 2348.
Total: 2.387100 ms (FindLiveObjects: 0.218400 ms CreateObjectMapping: 0.068800 ms MarkObjects: 1.910900 ms  DeleteObjects: 0.187400 ms)

========================================================================
Received Prepare
Registering precompiled user dll's ...
Registered in 0.002203 seconds.
Begin MonoManager ReloadAssembly
Native extension for WindowsStandalone target not found
Refreshing native plugins compatible for Editor in 0.63 ms, found 1 plugins.
Preloading 0 native plugins for Editor in 0.00 ms.
Invoked RoslynAnalysisRunner static constructor.
RoslynAnalysisRunner will not be running.
RoslynAnalysisRunner has terminated.
Mono: successfully reloaded assembly
- Completed reload, in  1.783 seconds
Platform modules already initialized, skipping
Refreshing native plugins compatible for Editor in 0.73 ms, found 1 plugins.
Preloading 0 native plugins for Editor in 0.00 ms.
Unloading 1859 Unused Serialized files (Serialized files now loaded: 0)
System memory in use before: 88.5 MB.
System memory in use after: 88.4 MB.

Unloading 29 unused Assets to reduce memory usage. Loaded Objects now: 2351.
Total: 4.285900 ms (FindLiveObjects: 0.297900 ms CreateObjectMapping: 1.361000 ms MarkObjects: 2.425500 ms  DeleteObjects: 0.199300 ms)

========================================================================
Received Prepare
Registering precompiled user dll's ...
Registered in 0.002122 seconds.
Begin MonoManager ReloadAssembly
Native extension for WindowsStandalone target not found
Refreshing native plugins compatible for Editor in 0.62 ms, found 1 plugins.
Preloading 0 native plugins for Editor in 0.00 ms.
Invoked RoslynAnalysisRunner static constructor.
RoslynAnalysisRunner will not be running.
RoslynAnalysisRunner has terminated.
Mono: successfully reloaded assembly
- Completed reload, in  1.816 seconds
Platform modules already initialized, skipping
Refreshing native plugins compatible for Editor in 1.11 ms, found 1 plugins.
Preloading 0 native plugins for Editor in 0.00 ms.
Unloading 1859 Unused Serialized files (Serialized files now loaded: 0)
System memory in use before: 88.6 MB.
System memory in use after: 88.5 MB.

Unloading 29 unused Assets to reduce memory usage. Loaded Objects now: 2354.
Total: 3.059700 ms (FindLiveObjects: 0.228100 ms CreateObjectMapping: 0.077700 ms MarkObjects: 2.536800 ms  DeleteObjects: 0.213800 ms)

========================================================================
Received Prepare
Registering precompiled user dll's ...
Registered in 0.002431 seconds.
Begin MonoManager ReloadAssembly
Native extension for WindowsStandalone target not found
Refreshing native plugins compatible for Editor in 0.68 ms, found 1 plugins.
Preloading 0 native plugins for Editor in 0.00 ms.
Invoked RoslynAnalysisRunner static constructor.
RoslynAnalysisRunner will not be running.
RoslynAnalysisRunner has terminated.
Mono: successfully reloaded assembly
- Completed reload, in  1.910 seconds
Platform modules already initialized, skipping
Refreshing native plugins compatible for Editor in 0.64 ms, found 1 plugins.
Preloading 0 native plugins for Editor in 0.00 ms.
Unloading 1859 Unused Serialized files (Serialized files now loaded: 0)
System memory in use before: 88.6 MB.
System memory in use after: 88.6 MB.

Unloading 29 unused Assets to reduce memory usage. Loaded Objects now: 2357.
Total: 2.613400 ms (FindLiveObjects: 0.203600 ms CreateObjectMapping: 0.068800 ms MarkObjects: 2.147600 ms  DeleteObjects: 0.191900 ms)

========================================================================
Received Prepare
Registering precompiled user dll's ...
Registered in 0.002341 seconds.
Begin MonoManager ReloadAssembly
Native extension for WindowsStandalone target not found
Refreshing native plugins compatible for Editor in 0.63 ms, found 1 plugins.
Preloading 0 native plugins for Editor in 0.00 ms.
Invoked RoslynAnalysisRunner static constructor.
RoslynAnalysisRunner will not be running.
RoslynAnalysisRunner has terminated.
Mono: successfully reloaded assembly
- Completed reload, in  1.827 seconds
Platform modules already initialized, skipping
Refreshing native plugins compatible for Editor in 0.70 ms, found 1 plugins.
Preloading 0 native plugins for Editor in 0.00 ms.
Unloading 1859 Unused Serialized files (Serialized files now loaded: 0)
System memory in use before: 88.7 MB.
System memory in use after: 88.6 MB.

Unloading 29 unused Assets to reduce memory usage. Loaded Objects now: 2360.
Total: 2.326900 ms (FindLiveObjects: 0.227200 ms CreateObjectMapping: 0.067700 ms MarkObjects: 1.828800 ms  DeleteObjects: 0.193800 ms)

========================================================================
Received Prepare
Registering precompiled user dll's ...
Registered in 0.002354 seconds.
Begin MonoManager ReloadAssembly
Native extension for WindowsStandalone target not found
Refreshing native plugins compatible for Editor in 0.62 ms, found 1 plugins.
Preloading 0 native plugins for Editor in 0.00 ms.
Invoked RoslynAnalysisRunner static constructor.
RoslynAnalysisRunner will not be running.
RoslynAnalysisRunner has terminated.
Mono: successfully reloaded assembly
- Completed reload, in  1.891 seconds
Platform modules already initialized, skipping
Refreshing native plugins compatible for Editor in 0.65 ms, found 1 plugins.
Preloading 0 native plugins for Editor in 0.00 ms.
Unloading 1859 Unused Serialized files (Serialized files now loaded: 0)
System memory in use before: 88.7 MB.
System memory in use after: 88.7 MB.

Unloading 29 unused Assets to reduce memory usage. Loaded Objects now: 2363.
Total: 2.480500 ms (FindLiveObjects: 0.216400 ms CreateObjectMapping: 0.070100 ms MarkObjects: 1.999200 ms  DeleteObjects: 0.193100 ms)

========================================================================
Received Prepare
Registering precompiled user dll's ...
Registered in 0.002170 seconds.
Begin MonoManager ReloadAssembly
Native extension for WindowsStandalone target not found
Refreshing native plugins compatible for Editor in 0.68 ms, found 1 plugins.
Preloading 0 native plugins for Editor in 0.00 ms.
Invoked RoslynAnalysisRunner static constructor.
RoslynAnalysisRunner will not be running.
RoslynAnalysisRunner has terminated.
Mono: successfully reloaded assembly
- Completed reload, in  1.954 seconds
Platform modules already initialized, skipping
Refreshing native plugins compatible for Editor in 0.70 ms, found 1 plugins.
Preloading 0 native plugins for Editor in 0.00 ms.
Unloading 1859 Unused Serialized files (Serialized files now loaded: 0)
System memory in use before: 87.9 MB.
System memory in use after: 87.8 MB.

Unloading 29 unused Assets to reduce memory usage. Loaded Objects now: 2366.
Total: 2.405900 ms (FindLiveObjects: 0.225500 ms CreateObjectMapping: 0.068700 ms MarkObjects: 1.920500 ms  DeleteObjects: 0.189700 ms)

========================================================================
Received Prepare
Registering precompiled user dll's ...
Registered in 0.002181 seconds.
Begin MonoManager ReloadAssembly
Native extension for WindowsStandalone target not found
Refreshing native plugins compatible for Editor in 0.74 ms, found 1 plugins.
Preloading 0 native plugins for Editor in 0.00 ms.
Invoked RoslynAnalysisRunner static constructor.
RoslynAnalysisRunner will not be running.
RoslynAnalysisRunner has terminated.
Mono: successfully reloaded assembly
- Completed reload, in  1.970 seconds
Platform modules already initialized, skipping
Refreshing native plugins compatible for Editor in 1.98 ms, found 1 plugins.
Preloading 0 native plugins for Editor in 0.00 ms.
Unloading 1859 Unused Serialized files (Serialized files now loaded: 0)
System memory in use before: 87.9 MB.
System memory in use after: 87.9 MB.

Unloading 29 unused Assets to reduce memory usage. Loaded Objects now: 2369.
Total: 2.571600 ms (FindLiveObjects: 0.242500 ms CreateObjectMapping: 0.072500 ms MarkObjects: 2.040400 ms  DeleteObjects: 0.214500 ms)

========================================================================
Received Prepare
Registering precompiled user dll's ...
Registered in 0.002455 seconds.
Begin MonoManager ReloadAssembly
Native extension for WindowsStandalone target not found
Refreshing native plugins compatible for Editor in 0.63 ms, found 1 plugins.
Preloading 0 native plugins for Editor in 0.00 ms.
Invoked RoslynAnalysisRunner static constructor.
RoslynAnalysisRunner will not be running.
RoslynAnalysisRunner has terminated.
Mono: successfully reloaded assembly
- Completed reload, in  1.965 seconds
Platform modules already initialized, skipping
Refreshing native plugins compatible for Editor in 1.09 ms, found 1 plugins.
Preloading 0 native plugins for Editor in 0.00 ms.
Unloading 1859 Unused Serialized files (Serialized files now loaded: 0)
System memory in use before: 88.0 MB.
System memory in use after: 87.9 MB.

Unloading 29 unused Assets to reduce memory usage. Loaded Objects now: 2372.
Total: 2.398200 ms (FindLiveObjects: 0.237400 ms CreateObjectMapping: 0.071300 ms MarkObjects: 1.908700 ms  DeleteObjects: 0.178900 ms)

========================================================================
Received Prepare
Refreshing native plugins compatible for Editor in 14.72 ms, found 1 plugins.
Preloading 0 native plugins for Editor in 0.00 ms.
Unloading 30 Unused Serialized files (Serialized files now loaded: 0)
System memory in use before: 52.2 MB.
System memory in use after: 52.1 MB.

Unloading 27 unused Assets to reduce memory usage. Loaded Objects now: 2372.
Total: 2.392500 ms (FindLiveObjects: 0.239200 ms CreateObjectMapping: 0.079100 ms MarkObjects: 1.880400 ms  DeleteObjects: 0.192100 ms)

========================================================================
Received Import Request.
  Time since last request: 1152.284921 seconds.
  path: Assets/Script/SportButton.cs
  artifactKey: Guid(09e395e28a3e55942be3c67ba8dc65f1) Importer(815301076,1909f56bfc062723c751e8b465ee728b)
Start importing Assets/Script/SportButton.cs using Guid(09e395e28a3e55942be3c67ba8dc65f1) Importer(815301076,1909f56bfc062723c751e8b465ee728b)  -> (artifact id: '85616ef7cc84fd7ea1cabb9217d062aa') in 0.009596 seconds
  Import took 0.014292 seconds .

========================================================================
Received Import Request.
  Time since last request: 0.010520 seconds.
  path: Assets/Script/SportButton.cs
  artifactKey: Guid(09e395e28a3e55942be3c67ba8dc65f1) Importer(815301076,1909f56bfc062723c751e8b465ee728b)
Start importing Assets/Script/SportButton.cs using Guid(09e395e28a3e55942be3c67ba8dc65f1) Importer(815301076,1909f56bfc062723c751e8b465ee728b)  -> (artifact id: '85616ef7cc84fd7ea1cabb9217d062aa') in 0.009352 seconds
  Import took 0.014782 seconds .

========================================================================
Received Prepare
Registering precompiled user dll's ...
Registered in 0.002249 seconds.
Begin MonoManager ReloadAssembly
Native extension for WindowsStandalone target not found
Refreshing native plugins compatible for Editor in 0.64 ms, found 1 plugins.
Preloading 0 native plugins for Editor in 0.00 ms.
Invoked RoslynAnalysisRunner static constructor.
RoslynAnalysisRunner will not be running.
RoslynAnalysisRunner has terminated.
Mono: successfully reloaded assembly
- Completed reload, in  1.999 seconds
Platform modules already initialized, skipping
Refreshing native plugins compatible for Editor in 0.69 ms, found 1 plugins.
Preloading 0 native plugins for Editor in 0.00 ms.
Unloading 1858 Unused Serialized files (Serialized files now loaded: 0)
System memory in use before: 88.2 MB.
System memory in use after: 88.1 MB.

Unloading 29 unused Assets to reduce memory usage. Loaded Objects now: 2375.
Total: 2.428700 ms (FindLiveObjects: 0.232000 ms CreateObjectMapping: 0.069300 ms MarkObjects: 1.941000 ms  DeleteObjects: 0.185000 ms)

========================================================================
Received Import Request.
  Time since last request: 112.989447 seconds.
  path: Assets/Script/SportButton.cs
  artifactKey: Guid(09e395e28a3e55942be3c67ba8dc65f1) Importer(815301076,1909f56bfc062723c751e8b465ee728b)
Start importing Assets/Script/SportButton.cs using Guid(09e395e28a3e55942be3c67ba8dc65f1) Importer(815301076,1909f56bfc062723c751e8b465ee728b)  -> (artifact id: '84ec3a459fa99a9bd5b333398e0eb3cb') in 0.011157 seconds
  Import took 0.015463 seconds .

========================================================================
Received Prepare
Refreshing native plugins compatible for Editor in 34.45 ms, found 1 plugins.
Preloading 0 native plugins for Editor in 0.00 ms.
Unloading 30 Unused Serialized files (Serialized files now loaded: 0)
System memory in use before: 52.4 MB.
System memory in use after: 52.3 MB.

Unloading 27 unused Assets to reduce memory usage. Loaded Objects now: 2375.
Total: 2.364400 ms (FindLiveObjects: 0.228100 ms CreateObjectMapping: 0.069700 ms MarkObjects: 1.879200 ms  DeleteObjects: 0.185800 ms)

========================================================================
Received Prepare
Registering precompiled user dll's ...
Registered in 0.002165 seconds.
Begin MonoManager ReloadAssembly
Native extension for WindowsStandalone target not found
Refreshing native plugins compatible for Editor in 0.64 ms, found 1 plugins.
Preloading 0 native plugins for Editor in 0.00 ms.
Invoked RoslynAnalysisRunner static constructor.
RoslynAnalysisRunner will not be running.
RoslynAnalysisRunner has terminated.
Mono: successfully reloaded assembly
- Completed reload, in  2.059 seconds
Platform modules already initialized, skipping
Refreshing native plugins compatible for Editor in 0.70 ms, found 1 plugins.
Preloading 0 native plugins for Editor in 0.00 ms.
Unloading 1858 Unused Serialized files (Serialized files now loaded: 0)
System memory in use before: 88.4 MB.
System memory in use after: 88.4 MB.

Unloading 29 unused Assets to reduce memory usage. Loaded Objects now: 2378.
Total: 2.640400 ms (FindLiveObjects: 0.298500 ms CreateObjectMapping: 0.079300 ms MarkObjects: 2.069600 ms  DeleteObjects: 0.191300 ms)

========================================================================
Received Import Request.
  Time since last request: 902.731527 seconds.
  path: Assets/Samples/Mobile Notifications/1.3.2/Notification Samples/TextMesh Pro/Resources/Fonts & Materials/LiberationSans SDF - Fallback.asset
  artifactKey: Guid(2e498d1c8094910479dc3e1b768306a4) Importer(815301076,1909f56bfc062723c751e8b465ee728b)
Start importing Assets/Samples/Mobile Notifications/1.3.2/Notification Samples/TextMesh Pro/Resources/Fonts & Materials/LiberationSans SDF - Fallback.asset using Guid(2e498d1c8094910479dc3e1b768306a4) Importer(815301076,1909f56bfc062723c751e8b465ee728b)  -> (artifact id: '0c4fa537a6662969af5bdd3e412943c0') in 0.611296 seconds
  Import took 0.617166 seconds .

========================================================================
Received Import Request.
  Time since last request: 0.000356 seconds.
  path: Assets/Samples/Mobile Notifications/1.3.2/Notification Samples/TextMesh Pro/Resources/Fonts & Materials/LiberationSans SDF.asset
  artifactKey: Guid(8f586378b4e144a9851e7b34d9b748ee) Importer(815301076,1909f56bfc062723c751e8b465ee728b)
Start importing Assets/Samples/Mobile Notifications/1.3.2/Notification Samples/TextMesh Pro/Resources/Fonts & Materials/LiberationSans SDF.asset using Guid(8f586378b4e144a9851e7b34d9b748ee) Importer(815301076,1909f56bfc062723c751e8b465ee728b)  -> (artifact id: 'e6d025a481f44749487d6c579840f93b') in 0.067654 seconds
  Import took 0.072629 seconds .

========================================================================
Received Import Request.
  Time since last request: 0.000284 seconds.
  path: Assets/Samples/Mobile Notifications/1.3.2/Notification Samples/TextMesh Pro/Resources/Fonts & Materials/LiberationSans SDF - Fallback.asset
  artifactKey: Guid(2e498d1c8094910479dc3e1b768306a4) Importer(815301076,1909f56bfc062723c751e8b465ee728b)
Start importing Assets/Samples/Mobile Notifications/1.3.2/Notification Samples/TextMesh Pro/Resources/Fonts & Materials/LiberationSans SDF - Fallback.asset using Guid(2e498d1c8094910479dc3e1b768306a4) Importer(815301076,1909f56bfc062723c751e8b465ee728b)  -> (artifact id: '0c4fa537a6662969af5bdd3e412943c0') in 0.032573 seconds
  Import took 0.036929 seconds .

========================================================================
Received Prepare
Refreshing native plugins compatible for Editor in 22.22 ms, found 1 plugins.
Preloading 0 native plugins for Editor in 0.00 ms.
Unloading 30 Unused Serialized files (Serialized files now loaded: 0)
System memory in use before: 56.8 MB.
System memory in use after: 56.7 MB.

Unloading 27 unused Assets to reduce memory usage. Loaded Objects now: 2420.
Total: 3.724300 ms (FindLiveObjects: 0.249900 ms CreateObjectMapping: 0.066000 ms MarkObjects: 3.220100 ms  DeleteObjects: 0.186300 ms)

========================================================================
Received Prepare
Registering precompiled user dll's ...
Registered in 0.002671 seconds.
Begin MonoManager ReloadAssembly
Native extension for WindowsStandalone target not found
Refreshing native plugins compatible for Editor in 0.73 ms, found 1 plugins.
Preloading 0 native plugins for Editor in 0.00 ms.
Invoked RoslynAnalysisRunner static constructor.
RoslynAnalysisRunner will not be running.
RoslynAnalysisRunner has terminated.
Mono: successfully reloaded assembly
- Completed reload, in  2.839 seconds
Platform modules already initialized, skipping
Refreshing native plugins compatible for Editor in 0.75 ms, found 1 plugins.
Preloading 0 native plugins for Editor in 0.00 ms.
Unloading 1858 Unused Serialized files (Serialized files now loaded: 0)
System memory in use before: 92.3 MB.
System memory in use after: 92.2 MB.

Unloading 29 unused Assets to reduce memory usage. Loaded Objects now: 2423.
Total: 4.483400 ms (FindLiveObjects: 0.433300 ms CreateObjectMapping: 0.393500 ms MarkObjects: 3.472900 ms  DeleteObjects: 0.181100 ms)

========================================================================
Received Prepare
Registering precompiled user dll's ...
Registered in 0.002313 seconds.
Begin MonoManager ReloadAssembly
Native extension for WindowsStandalone target not found
Refreshing native plugins compatible for Editor in 0.62 ms, found 1 plugins.
Preloading 0 native plugins for Editor in 0.00 ms.
Invoked RoslynAnalysisRunner static constructor.
RoslynAnalysisRunner will not be running.
RoslynAnalysisRunner has terminated.
Mono: successfully reloaded assembly
- Completed reload, in  2.121 seconds
Platform modules already initialized, skipping
Refreshing native plugins compatible for Editor in 0.88 ms, found 1 plugins.
Preloading 0 native plugins for Editor in 0.00 ms.
Unloading 1859 Unused Serialized files (Serialized files now loaded: 0)
System memory in use before: 92.4 MB.
System memory in use after: 92.3 MB.

Unloading 29 unused Assets to reduce memory usage. Loaded Objects now: 2426.
Total: 2.470600 ms (FindLiveObjects: 0.232900 ms CreateObjectMapping: 0.068000 ms MarkObjects: 1.968600 ms  DeleteObjects: 0.199200 ms)

========================================================================
Received Prepare
Registering precompiled user dll's ...
Registered in 0.002572 seconds.
Begin MonoManager ReloadAssembly
Native extension for WindowsStandalone target not found
Refreshing native plugins compatible for Editor in 0.64 ms, found 1 plugins.
Preloading 0 native plugins for Editor in 0.00 ms.
Invoked RoslynAnalysisRunner static constructor.
RoslynAnalysisRunner will not be running.
RoslynAnalysisRunner has terminated.
Mono: successfully reloaded assembly
- Completed reload, in  2.337 seconds
Platform modules already initialized, skipping
Refreshing native plugins compatible for Editor in 0.65 ms, found 1 plugins.
Preloading 0 native plugins for Editor in 0.00 ms.
Unloading 1859 Unused Serialized files (Serialized files now loaded: 0)
System memory in use before: 92.4 MB.
System memory in use after: 92.3 MB.

Unloading 29 unused Assets to reduce memory usage. Loaded Objects now: 2429.
Total: 2.499500 ms (FindLiveObjects: 0.254600 ms CreateObjectMapping: 0.070400 ms MarkObjects: 1.982700 ms  DeleteObjects: 0.190300 ms)

========================================================================
Received Import Request.
  Time since last request: 4226.609512 seconds.
  path: Assets/materials/kachok.png
  artifactKey: Guid(ff985bb4270a8c64eb03a501884566f6) Importer(815301076,1909f56bfc062723c751e8b465ee728b)
Start importing Assets/materials/kachok.png using Guid(ff985bb4270a8c64eb03a501884566f6) Importer(815301076,1909f56bfc062723c751e8b465ee728b)  -> (artifact id: 'e45ad219172a90d9094cab919efe9bb2') in 0.233726 seconds
  Import took 0.242920 seconds .

========================================================================
Received Import Request.
  Time since last request: 26.221978 seconds.
  path: Assets/materials/kachok.png
  artifactKey: Guid(ff985bb4270a8c64eb03a501884566f6) Importer(815301076,1909f56bfc062723c751e8b465ee728b)
Start importing Assets/materials/kachok.png using Guid(ff985bb4270a8c64eb03a501884566f6) Importer(815301076,1909f56bfc062723c751e8b465ee728b)  -> (artifact id: '11d8fc5bd302ed3bfd83b6d70cbd649e') in 0.028606 seconds
  Import took 0.034707 seconds .

========================================================================
Received Import Request.
  Time since last request: 15.641716 seconds.
  path: Assets/materials/kachok.png
  artifactKey: Guid(ff985bb4270a8c64eb03a501884566f6) Importer(815301076,1909f56bfc062723c751e8b465ee728b)
Start importing Assets/materials/kachok.png using Guid(ff985bb4270a8c64eb03a501884566f6) Importer(815301076,1909f56bfc062723c751e8b465ee728b)  -> (artifact id: '9fce4e4ac6236ee7fbf263c8fabc2f1c') in 0.031000 seconds
  Import took 0.037101 seconds .

========================================================================
Received Import Request.
  Time since last request: 27.772334 seconds.
  path: Assets/materials/kachok.png
  artifactKey: Guid(ff985bb4270a8c64eb03a501884566f6) Importer(815301076,1909f56bfc062723c751e8b465ee728b)
Start importing Assets/materials/kachok.png using Guid(ff985bb4270a8c64eb03a501884566f6) Importer(815301076,1909f56bfc062723c751e8b465ee728b)  -> (artifact id: 'd59c5bc622b91570c01ff172e092829f') in 0.026326 seconds
  Import took 0.030779 seconds .

========================================================================
Received Import Request.
  Time since last request: 2.674733 seconds.
  path: Assets/materials/kachok.png
  artifactKey: Guid(ff985bb4270a8c64eb03a501884566f6) Importer(815301076,1909f56bfc062723c751e8b465ee728b)
Start importing Assets/materials/kachok.png using Guid(ff985bb4270a8c64eb03a501884566f6) Importer(815301076,1909f56bfc062723c751e8b465ee728b)  -> (artifact id: 'b460e5b8f42ae2ccf3bbfe8a5d91007c') in 0.027608 seconds
  Import took 0.034310 seconds .

========================================================================
Received Import Request.
  Time since last request: 102.628776 seconds.
  path: Assets/materials/kachok 1.png
  artifactKey: Guid(2a01cda0df92b3f4bb75abb49a96d567) Importer(815301076,1909f56bfc062723c751e8b465ee728b)
Start importing Assets/materials/kachok 1.png using Guid(2a01cda0df92b3f4bb75abb49a96d567) Importer(815301076,1909f56bfc062723c751e8b465ee728b)  -> (artifact id: '62919edcb852366c3ecdc7de1c5e911d') in 0.036743 seconds
  Import took 0.043086 seconds .

========================================================================
Received Import Request.
  Time since last request: 0.004991 seconds.
  path: Assets/materials/kachok 1.png
  artifactKey: Guid(2a01cda0df92b3f4bb75abb49a96d567) Importer(815301076,1909f56bfc062723c751e8b465ee728b)
Start importing Assets/materials/kachok 1.png using Guid(2a01cda0df92b3f4bb75abb49a96d567) Importer(815301076,1909f56bfc062723c751e8b465ee728b)  -> (artifact id: '62919edcb852366c3ecdc7de1c5e911d') in 0.036339 seconds
  Import took 0.041629 seconds .

========================================================================
Received Import Request.
  Time since last request: 14.656548 seconds.
  path: Assets/materials/kachok.png
  artifactKey: Guid(ff985bb4270a8c64eb03a501884566f6) Importer(815301076,1909f56bfc062723c751e8b465ee728b)
Start importing Assets/materials/kachok.png using Guid(ff985bb4270a8c64eb03a501884566f6) Importer(815301076,1909f56bfc062723c751e8b465ee728b)  -> (artifact id: 'fb98e79bbf862cade6b5c4e771a38110') in 0.033270 seconds
  Import took 0.037617 seconds .

========================================================================
Received Import Request.
  Time since last request: 19.686089 seconds.
  path: Assets/materials/kachok.png
  artifactKey: Guid(ff985bb4270a8c64eb03a501884566f6) Importer(815301076,1909f56bfc062723c751e8b465ee728b)
Start importing Assets/materials/kachok.png using Guid(ff985bb4270a8c64eb03a501884566f6) Importer(815301076,1909f56bfc062723c751e8b465ee728b)  -> (artifact id: 'ea6f2e638397bffa19f8547d63de0358') in 0.025902 seconds
  Import took 0.031620 seconds .

========================================================================
Received Import Request.
  Time since last request: 3.334093 seconds.
  path: Assets/materials/kachok.png
  artifactKey: Guid(ff985bb4270a8c64eb03a501884566f6) Importer(815301076,1909f56bfc062723c751e8b465ee728b)
Start importing Assets/materials/kachok.png using Guid(ff985bb4270a8c64eb03a501884566f6) Importer(815301076,1909f56bfc062723c751e8b465ee728b)  -> (artifact id: 'a5aef74bc0c80bc8ec11861795c08496') in 0.028781 seconds
  Import took 0.035941 seconds .

========================================================================
Received Import Request.
  Time since last request: 0.005173 seconds.
  path: Assets/materials/kachok.png
  artifactKey: Guid(ff985bb4270a8c64eb03a501884566f6) Importer(815301076,1909f56bfc062723c751e8b465ee728b)
Start importing Assets/materials/kachok.png using Guid(ff985bb4270a8c64eb03a501884566f6) Importer(815301076,1909f56bfc062723c751e8b465ee728b)  -> (artifact id: 'a5aef74bc0c80bc8ec11861795c08496') in 0.030830 seconds
  Import took 0.035441 seconds .

========================================================================
Received Import Request.
  Time since last request: 76.287286 seconds.
  path: Assets/materials/kachok.png
  artifactKey: Guid(ff985bb4270a8c64eb03a501884566f6) Importer(815301076,1909f56bfc062723c751e8b465ee728b)
Start importing Assets/materials/kachok.png using Guid(ff985bb4270a8c64eb03a501884566f6) Importer(815301076,1909f56bfc062723c751e8b465ee728b)  -> (artifact id: 'd81751a016dbdb18ac7beb7fd26b7458') in 0.027957 seconds
  Import took 0.033414 seconds .

========================================================================
Received Import Request.
  Time since last request: 157.604894 seconds.
  path: Assets/materials/kachok 1.png
  artifactKey: Guid(2a01cda0df92b3f4bb75abb49a96d567) Importer(815301076,1909f56bfc062723c751e8b465ee728b)
Start importing Assets/materials/kachok 1.png using Guid(2a01cda0df92b3f4bb75abb49a96d567) Importer(815301076,1909f56bfc062723c751e8b465ee728b)  -> (artifact id: '864afc332897ac4d4739b3b600e30787') in 0.034049 seconds
  Import took 0.040466 seconds .

========================================================================
Received Import Request.
  Time since last request: 0.005954 seconds.
  path: Assets/materials/kachok 1.png
  artifactKey: Guid(2a01cda0df92b3f4bb75abb49a96d567) Importer(815301076,1909f56bfc062723c751e8b465ee728b)
Start importing Assets/materials/kachok 1.png using Guid(2a01cda0df92b3f4bb75abb49a96d567) Importer(815301076,1909f56bfc062723c751e8b465ee728b)  -> (artifact id: '864afc332897ac4d4739b3b600e30787') in 0.032478 seconds
  Import took 0.038101 seconds .

========================================================================
Received Import Request.
  Time since last request: 9.781357 seconds.
  path: Assets/materials/kachok.png
  artifactKey: Guid(ff985bb4270a8c64eb03a501884566f6) Importer(815301076,1909f56bfc062723c751e8b465ee728b)
Start importing Assets/materials/kachok.png using Guid(ff985bb4270a8c64eb03a501884566f6) Importer(815301076,1909f56bfc062723c751e8b465ee728b)  -> (artifact id: '19a4c95fe7d5b237c342c39ec14c183f') in 0.032706 seconds
  Import took 0.037935 seconds .

========================================================================
Received Import Request.
  Time since last request: 125.207794 seconds.
  path: Assets/materials/kachok.png
  artifactKey: Guid(ff985bb4270a8c64eb03a501884566f6) Importer(815301076,1909f56bfc062723c751e8b465ee728b)
Start importing Assets/materials/kachok.png using Guid(ff985bb4270a8c64eb03a501884566f6) Importer(815301076,1909f56bfc062723c751e8b465ee728b)  -> (artifact id: '27a6f02b693aaa8cf36c5c7477c13e21') in 0.037165 seconds
  Import took 0.042178 seconds .

========================================================================
Received Import Request.
  Time since last request: 28.735226 seconds.
  path: Assets/materials/kachok.png
  artifactKey: Guid(ff985bb4270a8c64eb03a501884566f6) Importer(815301076,1909f56bfc062723c751e8b465ee728b)
Start importing Assets/materials/kachok.png using Guid(ff985bb4270a8c64eb03a501884566f6) Importer(815301076,1909f56bfc062723c751e8b465ee728b)  -> (artifact id: '55664f3976b740cdd50b2ce3f5828b27') in 0.037181 seconds
  Import took 0.042778 seconds .

========================================================================
Received Import Request.
  Time since last request: 133.170785 seconds.
  path: Assets/materials/kachok256.png
  artifactKey: Guid(4e0bb2c86b4a0a244b7bd3bb37be2dfb) Importer(815301076,1909f56bfc062723c751e8b465ee728b)
Start importing Assets/materials/kachok256.png using Guid(4e0bb2c86b4a0a244b7bd3bb37be2dfb) Importer(815301076,1909f56bfc062723c751e8b465ee728b)  -> (artifact id: 'd4f1c662fb90e4349dfdabdd79edae81') in 0.041737 seconds
  Import took 0.047214 seconds .

========================================================================
Received Import Request.
  Time since last request: 0.002186 seconds.
  path: Assets/materials/kachok256.png
  artifactKey: Guid(4e0bb2c86b4a0a244b7bd3bb37be2dfb) Importer(815301076,1909f56bfc062723c751e8b465ee728b)
Start importing Assets/materials/kachok256.png using Guid(4e0bb2c86b4a0a244b7bd3bb37be2dfb) Importer(815301076,1909f56bfc062723c751e8b465ee728b)  -> (artifact id: 'd4f1c662fb90e4349dfdabdd79edae81') in 0.036832 seconds
  Import took 0.044650 seconds .

========================================================================
Received Import Request.
  Time since last request: 10.856555 seconds.
  path: Assets/materials/kachok256.png
  artifactKey: Guid(4e0bb2c86b4a0a244b7bd3bb37be2dfb) Importer(815301076,1909f56bfc062723c751e8b465ee728b)
Start importing Assets/materials/kachok256.png using Guid(4e0bb2c86b4a0a244b7bd3bb37be2dfb) Importer(815301076,1909f56bfc062723c751e8b465ee728b)  -> (artifact id: '1216f6a45956cf4da4a97e3f57bbfa3c') in 0.029261 seconds
  Import took 0.034256 seconds .

========================================================================
Received Import Request.
  Time since last request: 0.002470 seconds.
  path: Assets/materials/kachok256.png
  artifactKey: Guid(4e0bb2c86b4a0a244b7bd3bb37be2dfb) Importer(815301076,1909f56bfc062723c751e8b465ee728b)
Start importing Assets/materials/kachok256.png using Guid(4e0bb2c86b4a0a244b7bd3bb37be2dfb) Importer(815301076,1909f56bfc062723c751e8b465ee728b)  -> (artifact id: '1216f6a45956cf4da4a97e3f57bbfa3c') in 0.027440 seconds
  Import took 0.033613 seconds .

========================================================================
Received Import Request.
  Time since last request: 26.117520 seconds.
  path: Assets/materials/kachok256.png
  artifactKey: Guid(4e0bb2c86b4a0a244b7bd3bb37be2dfb) Importer(815301076,1909f56bfc062723c751e8b465ee728b)
Start importing Assets/materials/kachok256.png using Guid(4e0bb2c86b4a0a244b7bd3bb37be2dfb) Importer(815301076,1909f56bfc062723c751e8b465ee728b)  -> (artifact id: 'a3c46d645785ca9b147c7e25ceff89bb') in 0.021119 seconds
  Import took 0.027755 seconds .

========================================================================
Received Import Request.
  Time since last request: 0.009754 seconds.
  path: Assets/materials/kachok256.png
  artifactKey: Guid(4e0bb2c86b4a0a244b7bd3bb37be2dfb) Importer(815301076,1909f56bfc062723c751e8b465ee728b)
Start importing Assets/materials/kachok256.png using Guid(4e0bb2c86b4a0a244b7bd3bb37be2dfb) Importer(815301076,1909f56bfc062723c751e8b465ee728b)  -> (artifact id: 'a3c46d645785ca9b147c7e25ceff89bb') in 0.021491 seconds
  Import took 0.026278 seconds .

========================================================================
Received Import Request.
  Time since last request: 241.864356 seconds.
  path: Assets/materials/kachok48.png
  artifactKey: Guid(ca5c7bdf418cebe4e929c3bc4449e9a4) Importer(815301076,1909f56bfc062723c751e8b465ee728b)
Start importing Assets/materials/kachok48.png using Guid(ca5c7bdf418cebe4e929c3bc4449e9a4) Importer(815301076,1909f56bfc062723c751e8b465ee728b)  -> (artifact id: '8e1342efabeaa1a1c9f36a63e67ee6cb') in 0.025122 seconds
  Import took 0.031280 seconds .

========================================================================
Received Import Request.
  Time since last request: 7.487772 seconds.
  path: Assets/materials/kachok48.png
  artifactKey: Guid(ca5c7bdf418cebe4e929c3bc4449e9a4) Importer(815301076,1909f56bfc062723c751e8b465ee728b)
Start importing Assets/materials/kachok48.png using Guid(ca5c7bdf418cebe4e929c3bc4449e9a4) Importer(815301076,1909f56bfc062723c751e8b465ee728b)  -> (artifact id: '739c8948095adfd751d4abb9db01e15b') in 0.020011 seconds
  Import took 0.026970 seconds .

========================================================================
Received Import Request.
  Time since last request: 34.166460 seconds.
  path: Assets/materials/kachok48.png
  artifactKey: Guid(ca5c7bdf418cebe4e929c3bc4449e9a4) Importer(815301076,1909f56bfc062723c751e8b465ee728b)
Start importing Assets/materials/kachok48.png using Guid(ca5c7bdf418cebe4e929c3bc4449e9a4) Importer(815301076,1909f56bfc062723c751e8b465ee728b)  -> (artifact id: '33716ee95542bbc0e82965c7ad6e582d') in 0.017993 seconds
  Import took 0.023114 seconds .

========================================================================
Received Import Request.
  Time since last request: 0.012946 seconds.
  path: Assets/materials/kachok48.png
  artifactKey: Guid(ca5c7bdf418cebe4e929c3bc4449e9a4) Importer(815301076,1909f56bfc062723c751e8b465ee728b)
Start importing Assets/materials/kachok48.png using Guid(ca5c7bdf418cebe4e929c3bc4449e9a4) Importer(815301076,1909f56bfc062723c751e8b465ee728b)  -> (artifact id: '33716ee95542bbc0e82965c7ad6e582d') in 0.023031 seconds
  Import took 0.027816 seconds .

========================================================================
Received Import Request.
  Time since last request: 100.760913 seconds.
  path: Assets/materials/kachok256.png
  artifactKey: Guid(4e0bb2c86b4a0a244b7bd3bb37be2dfb) Importer(815301076,1909f56bfc062723c751e8b465ee728b)
Start importing Assets/materials/kachok256.png using Guid(4e0bb2c86b4a0a244b7bd3bb37be2dfb) Importer(815301076,1909f56bfc062723c751e8b465ee728b)  -> (artifact id: 'bdb7c9004671a270d7a7a0e2d2811bb4') in 0.026868 seconds
  Import took 0.033941 seconds .

========================================================================
Received Import Request.
  Time since last request: 7.366932 seconds.
  path: Assets/materials/kachok256.png
  artifactKey: Guid(4e0bb2c86b4a0a244b7bd3bb37be2dfb) Importer(815301076,1909f56bfc062723c751e8b465ee728b)
Start importing Assets/materials/kachok256.png using Guid(4e0bb2c86b4a0a244b7bd3bb37be2dfb) Importer(815301076,1909f56bfc062723c751e8b465ee728b)  -> (artifact id: '144d3ac8a2f22503fafd4a8676d4c38d') in 0.026086 seconds
  Import took 0.032764 seconds .

========================================================================
Received Import Request.
  Time since last request: 0.001181 seconds.
  path: Assets/materials/kachok256.png
  artifactKey: Guid(4e0bb2c86b4a0a244b7bd3bb37be2dfb) Importer(815301076,1909f56bfc062723c751e8b465ee728b)
Start importing Assets/materials/kachok256.png using Guid(4e0bb2c86b4a0a244b7bd3bb37be2dfb) Importer(815301076,1909f56bfc062723c751e8b465ee728b)  -> (artifact id: '144d3ac8a2f22503fafd4a8676d4c38d') in 0.029986 seconds
  Import took 0.035023 seconds .

========================================================================
Received Import Request.
  Time since last request: 4.589855 seconds.
  path: Assets/materials/kachok256.png
  artifactKey: Guid(4e0bb2c86b4a0a244b7bd3bb37be2dfb) Importer(815301076,1909f56bfc062723c751e8b465ee728b)
Start importing Assets/materials/kachok256.png using Guid(4e0bb2c86b4a0a244b7bd3bb37be2dfb) Importer(815301076,1909f56bfc062723c751e8b465ee728b)  -> (artifact id: '08a643d7c0c5ef6ebbae036239554a0f') in 0.028185 seconds
  Import took 0.033643 seconds .

========================================================================
Received Import Request.
  Time since last request: 0.000675 seconds.
  path: Assets/materials/kachok256.png
  artifactKey: Guid(4e0bb2c86b4a0a244b7bd3bb37be2dfb) Importer(815301076,1909f56bfc062723c751e8b465ee728b)
Start importing Assets/materials/kachok256.png using Guid(4e0bb2c86b4a0a244b7bd3bb37be2dfb) Importer(815301076,1909f56bfc062723c751e8b465ee728b)  -> (artifact id: '08a643d7c0c5ef6ebbae036239554a0f') in 0.032370 seconds
  Import took 0.039929 seconds .

========================================================================
Received Prepare
Refreshing native plugins compatible for Editor in 21.54 ms, found 1 plugins.
Preloading 0 native plugins for Editor in 0.00 ms.
Unloading 30 Unused Serialized files (Serialized files now loaded: 0)
System memory in use before: 55.9 MB.
System memory in use after: 55.8 MB.

Unloading 27 unused Assets to reduce memory usage. Loaded Objects now: 2436.
Total: 3.392400 ms (FindLiveObjects: 0.227000 ms CreateObjectMapping: 0.070100 ms MarkObjects: 2.896600 ms  DeleteObjects: 0.197000 ms)

========================================================================
Received Prepare
Registering precompiled user dll's ...
Registered in 0.002719 seconds.
Begin MonoManager ReloadAssembly
Native extension for WindowsStandalone target not found
Refreshing native plugins compatible for Editor in 0.69 ms, found 1 plugins.
Preloading 0 native plugins for Editor in 0.00 ms.
Invoked RoslynAnalysisRunner static constructor.
RoslynAnalysisRunner will not be running.
RoslynAnalysisRunner has terminated.
Mono: successfully reloaded assembly
- Completed reload, in  3.227 seconds
Platform modules already initialized, skipping
Refreshing native plugins compatible for Editor in 0.81 ms, found 1 plugins.
Preloading 0 native plugins for Editor in 0.00 ms.
Unloading 1858 Unused Serialized files (Serialized files now loaded: 0)
System memory in use before: 91.9 MB.
System memory in use after: 91.8 MB.

Unloading 29 unused Assets to reduce memory usage. Loaded Objects now: 2439.
Total: 3.191300 ms (FindLiveObjects: 0.414200 ms CreateObjectMapping: 0.092100 ms MarkObjects: 2.485800 ms  DeleteObjects: 0.197400 ms)

========================================================================
Received Prepare
Registering precompiled user dll's ...
Registered in 0.002237 seconds.
Begin MonoManager ReloadAssembly
Native extension for WindowsStandalone target not found
Refreshing native plugins compatible for Editor in 0.65 ms, found 1 plugins.
Preloading 0 native plugins for Editor in 0.00 ms.
Invoked RoslynAnalysisRunner static constructor.
RoslynAnalysisRunner will not be running.
RoslynAnalysisRunner has terminated.
Mono: successfully reloaded assembly
- Completed reload, in  2.381 seconds
Platform modules already initialized, skipping
Refreshing native plugins compatible for Editor in 0.69 ms, found 1 plugins.
Preloading 0 native plugins for Editor in 0.00 ms.
Unloading 1859 Unused Serialized files (Serialized files now loaded: 0)
System memory in use before: 92.0 MB.
System memory in use after: 91.9 MB.

Unloading 29 unused Assets to reduce memory usage. Loaded Objects now: 2442.
Total: 2.782000 ms (FindLiveObjects: 0.243600 ms CreateObjectMapping: 0.073400 ms MarkObjects: 2.254100 ms  DeleteObjects: 0.208200 ms)

========================================================================
Received Prepare
Refreshing native plugins compatible for Editor in 66.37 ms, found 1 plugins.
Preloading 0 native plugins for Editor in 0.00 ms.
Unloading 30 Unused Serialized files (Serialized files now loaded: 0)
System memory in use before: 56.2 MB.
System memory in use after: 56.1 MB.

Unloading 27 unused Assets to reduce memory usage. Loaded Objects now: 2442.
Total: 3.840400 ms (FindLiveObjects: 0.222100 ms CreateObjectMapping: 0.072300 ms MarkObjects: 3.310200 ms  DeleteObjects: 0.233600 ms)

========================================================================
Received Import Request.
  Time since last request: 1011.496311 seconds.
  path: Assets/Script/NotificationManager.cs
  artifactKey: Guid(05c987ce7354db443b7c6ae2b4b1caf4) Importer(815301076,1909f56bfc062723c751e8b465ee728b)
Start importing Assets/Script/NotificationManager.cs using Guid(05c987ce7354db443b7c6ae2b4b1caf4) Importer(815301076,1909f56bfc062723c751e8b465ee728b)  -> (artifact id: '930cc12f2e2322bfe420034474f3a020') in 0.012640 seconds
  Import took 0.018142 seconds .

========================================================================
Received Import Request.
  Time since last request: 0.011492 seconds.
  path: Assets/Script/NotificationManager.cs
  artifactKey: Guid(05c987ce7354db443b7c6ae2b4b1caf4) Importer(815301076,1909f56bfc062723c751e8b465ee728b)
Start importing Assets/Script/NotificationManager.cs using Guid(05c987ce7354db443b7c6ae2b4b1caf4) Importer(815301076,1909f56bfc062723c751e8b465ee728b)  -> (artifact id: '930cc12f2e2322bfe420034474f3a020') in 0.008588 seconds
  Import took 0.012777 seconds .

========================================================================
Received Import Request.
  Time since last request: 65.983232 seconds.
  path: Assets/materials/bigicon.png
  artifactKey: Guid(4e0bb2c86b4a0a244b7bd3bb37be2dfb) Importer(815301076,1909f56bfc062723c751e8b465ee728b)
Start importing Assets/materials/bigicon.png using Guid(4e0bb2c86b4a0a244b7bd3bb37be2dfb) Importer(815301076,1909f56bfc062723c751e8b465ee728b)  -> (artifact id: '6f15b23e04b3a52afd0a24ab877d59b9') in 0.092870 seconds
  Import took 0.098962 seconds .

========================================================================
Received Prepare
Registering precompiled user dll's ...
Registered in 0.002302 seconds.
Begin MonoManager ReloadAssembly
Native extension for WindowsStandalone target not found
Refreshing native plugins compatible for Editor in 0.62 ms, found 1 plugins.
Preloading 0 native plugins for Editor in 0.00 ms.
Invoked RoslynAnalysisRunner static constructor.
RoslynAnalysisRunner will not be running.
RoslynAnalysisRunner has terminated.
Mono: successfully reloaded assembly
- Completed reload, in  2.278 seconds
Platform modules already initialized, skipping
Refreshing native plugins compatible for Editor in 0.68 ms, found 1 plugins.
Preloading 0 native plugins for Editor in 0.00 ms.
Unloading 1858 Unused Serialized files (Serialized files now loaded: 0)
System memory in use before: 92.2 MB.
System memory in use after: 92.2 MB.

Unloading 29 unused Assets to reduce memory usage. Loaded Objects now: 2446.
Total: 3.032800 ms (FindLiveObjects: 0.251500 ms CreateObjectMapping: 0.131400 ms MarkObjects: 2.414500 ms  DeleteObjects: 0.233300 ms)

========================================================================
Received Prepare
Refreshing native plugins compatible for Editor in 22.32 ms, found 1 plugins.
Preloading 0 native plugins for Editor in 0.00 ms.
Unloading 30 Unused Serialized files (Serialized files now loaded: 0)
System memory in use before: 56.4 MB.
System memory in use after: 56.3 MB.

Unloading 27 unused Assets to reduce memory usage. Loaded Objects now: 2446.
Total: 3.046500 ms (FindLiveObjects: 0.228400 ms CreateObjectMapping: 0.069500 ms MarkObjects: 2.500300 ms  DeleteObjects: 0.246500 ms)

========================================================================
Received Prepare
Refreshing native plugins compatible for Editor in 21.77 ms, found 1 plugins.
Preloading 0 native plugins for Editor in 0.00 ms.
Unloading 27 Unused Serialized files (Serialized files now loaded: 0)
System memory in use before: 56.5 MB.
System memory in use after: 56.4 MB.

Unloading 27 unused Assets to reduce memory usage. Loaded Objects now: 2446.
Total: 16.405600 ms (FindLiveObjects: 0.905500 ms CreateObjectMapping: 0.082500 ms MarkObjects: 14.723300 ms  DeleteObjects: 0.691500 ms)

========================================================================
Received Prepare
Refreshing native plugins compatible for Editor in 30.37 ms, found 1 plugins.
Preloading 0 native plugins for Editor in 0.00 ms.
Unloading 27 Unused Serialized files (Serialized files now loaded: 0)
System memory in use before: 56.6 MB.
System memory in use after: 56.5 MB.

Unloading 27 unused Assets to reduce memory usage. Loaded Objects now: 2446.
Total: 4.032400 ms (FindLiveObjects: 0.577000 ms CreateObjectMapping: 0.104200 ms MarkObjects: 2.682000 ms  DeleteObjects: 0.666100 ms)

========================================================================
Received Import Request.
  Time since last request: 12862.885291 seconds.
  path: Assets/Script/AnimatorScript.cs
  artifactKey: Guid(5271d7316923f9a4aa0bdf6bbf5f8b09) Importer(815301076,1909f56bfc062723c751e8b465ee728b)
Start importing Assets/Script/AnimatorScript.cs using Guid(5271d7316923f9a4aa0bdf6bbf5f8b09) Importer(815301076,1909f56bfc062723c751e8b465ee728b)  -> (artifact id: 'ca5f55cb64acd837b088d06dceb5103e') in 0.168113 seconds
  Import took 0.327091 seconds .

========================================================================
Received Import Request.
  Time since last request: 2.356095 seconds.
  path: Assets/Script/NotificationManager.cs
  artifactKey: Guid(05c987ce7354db443b7c6ae2b4b1caf4) Importer(815301076,1909f56bfc062723c751e8b465ee728b)
Start importing Assets/Script/NotificationManager.cs using Guid(05c987ce7354db443b7c6ae2b4b1caf4) Importer(815301076,1909f56bfc062723c751e8b465ee728b)  -> (artifact id: '6a07d091c00adaa08912f7ddc54f79c8') in 0.009912 seconds
  Import took 0.019393 seconds .

========================================================================
Received Import Request.
  Time since last request: 0.002224 seconds.
  path: Assets/Script/NotificationManager.cs
  artifactKey: Guid(05c987ce7354db443b7c6ae2b4b1caf4) Importer(815301076,1909f56bfc062723c751e8b465ee728b)
Start importing Assets/Script/NotificationManager.cs using Guid(05c987ce7354db443b7c6ae2b4b1caf4) Importer(815301076,1909f56bfc062723c751e8b465ee728b)  -> (artifact id: '6a07d091c00adaa08912f7ddc54f79c8') in 0.007101 seconds
  Import took 0.013095 seconds .

========================================================================
Received Import Request.
  Time since last request: 176.286151 seconds.
  path: Assets/Script/Sound.cs
  artifactKey: Guid(d79a3d3b53fb83249b10d2b4af189e90) Importer(815301076,1909f56bfc062723c751e8b465ee728b)
Start importing Assets/Script/Sound.cs using Guid(d79a3d3b53fb83249b10d2b4af189e90) Importer(815301076,1909f56bfc062723c751e8b465ee728b)  -> (artifact id: 'a1e6b31615b898c7b2598331f2bacab6') in 0.013173 seconds
  Import took 0.019076 seconds .

========================================================================
Received Import Request.
  Time since last request: 0.004227 seconds.
  path: Assets/Script/Sound.cs
  artifactKey: Guid(d79a3d3b53fb83249b10d2b4af189e90) Importer(815301076,1909f56bfc062723c751e8b465ee728b)
Start importing Assets/Script/Sound.cs using Guid(d79a3d3b53fb83249b10d2b4af189e90) Importer(815301076,1909f56bfc062723c751e8b465ee728b)  -> (artifact id: 'a1e6b31615b898c7b2598331f2bacab6') in 0.012363 seconds
  Import took 0.016756 seconds .

========================================================================
Received Import Request.
  Time since last request: 0.829599 seconds.
  path: Assets/Script/SportButton.cs
  artifactKey: Guid(09e395e28a3e55942be3c67ba8dc65f1) Importer(815301076,1909f56bfc062723c751e8b465ee728b)
Start importing Assets/Script/SportButton.cs using Guid(09e395e28a3e55942be3c67ba8dc65f1) Importer(815301076,1909f56bfc062723c751e8b465ee728b)  -> (artifact id: '71779ff12ca1cb15330bd052fc6f1662') in 0.012518 seconds
  Import took 0.019186 seconds .

========================================================================
Received Import Request.
  Time since last request: 0.001409 seconds.
  path: Assets/Script/SportButton.cs
  artifactKey: Guid(09e395e28a3e55942be3c67ba8dc65f1) Importer(815301076,1909f56bfc062723c751e8b465ee728b)
Start importing Assets/Script/SportButton.cs using Guid(09e395e28a3e55942be3c67ba8dc65f1) Importer(815301076,1909f56bfc062723c751e8b465ee728b)  -> (artifact id: '71779ff12ca1cb15330bd052fc6f1662') in 0.012937 seconds
  Import took 0.017382 seconds .

========================================================================
Received Import Request.
  Time since last request: 97.268337 seconds.
  path: Assets/Script/InputField.cs
  artifactKey: Guid(84fca566d34cbe8429e3d2d1f974ad07) Importer(815301076,1909f56bfc062723c751e8b465ee728b)
Start importing Assets/Script/InputField.cs using Guid(84fca566d34cbe8429e3d2d1f974ad07) Importer(815301076,1909f56bfc062723c751e8b465ee728b)  -> (artifact id: 'b76801581126b58be7feba3f10f95b38') in 0.010502 seconds
  Import took 0.024357 seconds .

========================================================================
Received Import Request.
  Time since last request: 0.001308 seconds.
  path: Assets/Script/InputField.cs
  artifactKey: Guid(84fca566d34cbe8429e3d2d1f974ad07) Importer(815301076,1909f56bfc062723c751e8b465ee728b)
Start importing Assets/Script/InputField.cs using Guid(84fca566d34cbe8429e3d2d1f974ad07) Importer(815301076,1909f56bfc062723c751e8b465ee728b)  -> (artifact id: 'b76801581126b58be7feba3f10f95b38') in 0.012304 seconds
  Import took 0.016941 seconds .

========================================================================
Received Import Request.
  Time since last request: 7454.734614 seconds.
  path: Assets/materials/Joker/side.anim
  artifactKey: Guid(8a5d45d72b26a5544a47286e85db77b7) Importer(815301076,1909f56bfc062723c751e8b465ee728b)
Start importing Assets/materials/Joker/side.anim using Guid(8a5d45d72b26a5544a47286e85db77b7) Importer(815301076,1909f56bfc062723c751e8b465ee728b)  -> (artifact id: '7cfffcc5787c541592925ef62163bdbb') in 1.811485 seconds
  Import took 1.931434 seconds .

========================================================================
Received Import Request.
  Time since last request: 0.067551 seconds.
  path: Assets/Scenes/SampleScene.unity
  artifactKey: Guid(2cda990e2423bbf4892e6590ba056729) Importer(815301076,1909f56bfc062723c751e8b465ee728b)
Start importing Assets/Scenes/SampleScene.unity using Guid(2cda990e2423bbf4892e6590ba056729) Importer(815301076,1909f56bfc062723c751e8b465ee728b)  -> (artifact id: 'ef1c0611e6b28e1267de2e21c13ac336') in 0.148309 seconds
  Import took 0.183589 seconds .

AssetImportWorkerClient::OnTransportError - code=2 error=End of file
